d:\code\c\rtklib\rtklibproject\rtklib\rtklib\x64\debug\vc143.pdb
d:\code\c\rtklib\rtklibproject\rtklib\rtklib\x64\debug\vc143.idb
d:\code\c\rtklib\rtklibproject\rtklib\rtklib\x64\debug\javad.obj
d:\code\c\rtklib\rtklibproject\rtklib\rtklib\x64\debug\crescent.obj
d:\code\c\rtklib\rtklibproject\rtklib\rtklib\x64\debug\binex.obj
d:\code\c\rtklib\rtklibproject\rtklib\rtklib\x64\debug\rcvraw.obj
d:\code\c\rtklib\rtklibproject\rtklib\rtklib\x64\debug\preceph.obj
d:\code\c\rtklib\rtklibproject\rtklib\rtklib\x64\debug\ppp_ar.obj
d:\code\c\rtklib\rtklibproject\rtklib\rtklib\x64\debug\ppp.obj
d:\code\c\rtklib\rtklibproject\rtklib\rtklib\x64\debug\postpos.obj
d:\code\c\rtklib\rtklibproject\rtklib\rtklib\x64\debug\pntpos.obj
d:\code\c\rtklib\rtklibproject\rtklib\rtklib\x64\debug\options.obj
d:\code\c\rtklib\rtklibproject\rtklib\rtklib\x64\debug\lambda.obj
d:\code\c\rtklib\rtklibproject\rtklib\rtklib\x64\debug\ionex.obj
d:\code\c\rtklib\rtklibproject\rtklib\rtklib\x64\debug\gis.obj
d:\code\c\rtklib\rtklibproject\rtklib\rtklib\x64\debug\geoid.obj
d:\code\c\rtklib\rtklibproject\rtklib\rtklib\x64\debug\ephemeris.obj
d:\code\c\rtklib\rtklibproject\rtklib\rtklib\x64\debug\download.obj
d:\code\c\rtklib\rtklibproject\rtklib\rtklib\x64\debug\datum.obj
d:\code\c\rtklib\rtklibproject\rtklib\rtklib\x64\debug\convrnx.obj
d:\code\c\rtklib\rtklibproject\rtklib\rtklib\x64\debug\convkml.obj
d:\code\c\rtklib\rtklibproject\rtklib\rtklib\x64\debug\convgpx.obj
d:\code\c\rtklib\rtklibproject\rtklib\rtklib\x64\debug\streamsvr.obj
d:\code\c\rtklib\rtklibproject\rtklib\rtklib\x64\debug\stream.obj
d:\code\c\rtklib\rtklibproject\rtklib\rtklib\x64\debug\solution.obj
d:\code\c\rtklib\rtklibproject\rtklib\rtklib\x64\debug\sbas.obj
d:\code\c\rtklib\rtklibproject\rtklib\rtklib\x64\debug\rtksvr.obj
d:\code\c\rtklib\rtklibproject\rtklib\rtklib\x64\debug\rtkpos.obj
d:\code\c\rtklib\rtklibproject\rtklib\rtklib\x64\debug\rtkcmn.obj
d:\code\c\rtklib\rtklibproject\rtklib\rtklib\x64\debug\rtcm3e.obj
d:\code\c\rtklib\rtklibproject\rtklib\rtklib\x64\debug\rtcm3.obj
d:\code\c\rtklib\rtklibproject\rtklib\rtklib\x64\debug\rtcm2.obj
d:\code\c\rtklib\rtklibproject\rtklib\rtklib\x64\debug\rtcm.obj
d:\code\c\rtklib\rtklibproject\rtklib\rtklib\x64\debug\rnx2rtkp.obj
d:\code\c\rtklib\rtklibproject\rtklib\rtklib\x64\debug\rinex.obj
d:\code\c\rtklib\rtklibproject\rtklib\rtklib\x64\debug\ublox.obj
d:\code\c\rtklib\rtklibproject\rtklib\rtklib\x64\debug\ss2.obj
d:\code\c\rtklib\rtklibproject\rtklib\rtklib\x64\debug\skytraq.obj
d:\code\c\rtklib\rtklibproject\rtklib\rtklib\x64\debug\septentrio.obj
d:\code\c\rtklib\rtklibproject\rtklib\rtklib\x64\debug\rt17.obj
d:\code\c\rtklib\rtklibproject\rtklib\rtklib\x64\debug\nvs.obj
d:\code\c\rtklib\rtklibproject\rtklib\rtklib\x64\debug\novatel.obj
d:\code\c\rtklib\rtklibproject\rtklib\rtklib\x64\debug\tle.obj
d:\code\c\rtklib\rtklibproject\rtklib\rtklib\x64\debug\tides.obj
d:\project\c\rtklib\rtklib\x64\debug\rtklib.lib
d:\project\c\rtklib\rtklib\x64\debug\rtklib.exp
d:\code\c\rtklib\rtklibproject\rtklib\x64\debug\rtklib.exe
d:\code\c\rtklib\rtklibproject\rtklib\rtklib\x64\debug\rtklib.ilk
d:\code\c\rtklib\rtklibproject\rtklib\x64\debug\rtklib.pdb
d:\code\c\rtklib\rtklibproject\rtklib\x64\debug\rtklib.lib
d:\code\c\rtklib\rtklibproject\rtklib\x64\debug\rtklib.exp
d:\code\c\rtklib\rtklibproject\rtklib\rtklib\x64\debug\rtklib.tlog\cl.command.1.tlog
d:\code\c\rtklib\rtklibproject\rtklib\rtklib\x64\debug\rtklib.tlog\cl.read.1.tlog
d:\code\c\rtklib\rtklibproject\rtklib\rtklib\x64\debug\rtklib.tlog\cl.write.1.tlog
d:\code\c\rtklib\rtklibproject\rtklib\rtklib\x64\debug\rtklib.tlog\link.command.1.tlog
d:\code\c\rtklib\rtklibproject\rtklib\rtklib\x64\debug\rtklib.tlog\link.read.1.tlog
d:\code\c\rtklib\rtklibproject\rtklib\rtklib\x64\debug\rtklib.tlog\link.write.1.tlog
d:\code\c\rtklib\rtklibproject\rtklib\rtklib\x64\debug\rtklib.tlog\link.write.2u.tlog
